
R version 3.4.4 (2018-03-15) -- "Someone to Lean On"
Copyright (C) 2018 The R Foundation for Statistical Computing
Platform: x86_64-apple-darwin17.3.0 (64-bit)

R is free software and comes with ABSOLUTELY NO WARRANTY.
You are welcome to redistribute it under certain conditions.
Type 'license()' or 'licence()' for distribution details.

  Natural language support but running in an English locale

R is a collaborative project with many contributors.
Type 'contributors()' for more information and
'citation()' on how to cite R or R packages in publications.

Type 'demo()' for some demos, 'help()' for on-line help, or
'help.start()' for an HTML browser interface to help.
Type 'q()' to quit R.

> rm(list = ls())
> 
> setwd("~/Projects/FTE/grant001_ghosh_nsf_theorypredanalytics/lib/balanceHD/experiments_for_paper/")
> library(balanceHD)
> library(mvtnorm)
> 
> # Read inputs to simulation
> 
> args = (commandArgs(TRUE))
> beta.setup = as.numeric(args[1])
> prop.setup = as.numeric(args[2])
> n = as.numeric(args[3])
> p = as.numeric(args[4])
> eps = as.numeric(args[5])
> C = as.numeric(args[6])
> extra.param = as.numeric(args[7])
> 
> NREP = as.numeric(args[8])
> 
> experiment = as.numeric(args[9])
> 
> tau = 1
> 
> source("run.comparison.R")
> 
> # Intialize beta
> 
> if(beta.setup == 0) {
+   beta.raw = rep(1, p)
+ } else if(beta.setup == 1){
+   beta.raw = 1/sqrt(1:p)
+ } else if(beta.setup == 2) {
+   beta.raw = 1/(9 + 1:p)
+ } else if(beta.setup == 3) {
+   beta.raw = c(rep(10, 10), rep(1, 90), rep(0, p - 100))
+ } else if(beta.setup == 4) {
+   beta.raw = c(rep(10, 10), rep(0, p - 10))
+ } else if(beta.setup == 5) {
+   beta.raw = 1/(1:p)^2
+ } else if(beta.setup == 6) {
+   beta.raw = 1/(1:p)
+ }
> 
> beta.main =  C  * beta.raw / sqrt(sum(beta.raw^2))
> 
> # Initialize data-generating model
> if(prop.setup == 1) {
+ 	
+ 	# simple setup
+ 	if (extra.param == 1) {
+ 		delta.clust = 4 / sqrt(n) * rep(1, p)
+ 	} else if (extra.param == 2) {
+ 		delta.clust = 40 / sqrt(n) * rep(c(1, rep(0, 9)), p/10)
+ 	}
+ 	gen.data = function() {
+ 		CLUST = rbinom(n, 1, 0.5)
+ 		W = rbinom(n, 1, eps + (1 - 2*eps) * CLUST)
+ 		X = matrix(rnorm(n * p), n, p) + outer(CLUST, delta.clust)
+ 		Y = X %*% beta.main + rnorm(n) + tau * W
+ 		list(X=X, Y=Y, W=W, catt=tau)
+ 	}
+ 
+ } else if(prop.setup == 2) {
+ 
+ 	# AR-1 model
+ 	rho = c(0.5, 0.9)[extra.param]
+ 	beta.main = beta.main[1 + (23 * (0:(length(beta.main) - 1))) %% length(beta.main)]
+ 	beta.prop = c(rep(1/40, 100), rep(0, p - 100))
+ 	gen.data = function() {
+ 		X = 10 * rmvnorm(n, sigma = outer(1:p, 1:p, FUN=function(x, y) rho^(abs(x-y))), method = "chol")
+ 		W = rbinom(n, 1, prob = 1/(1 + exp(-beta.prop * X)))
+ 		Y = X %*% beta.main + rnorm(n, 0, 1) + tau * W
+ 		list(X=X, Y=Y, W=W, catt=tau)
+ 	}
+ 
+ } else if(prop.setup == 3) {
+ 
+ 	# many cluster model
+ 	nclust = c(6, 20)[extra.param]
+ 	beta.main = sqrt(nclust) * beta.main
+ 	clust.ptreat = rep(c(eps, 1 - eps), nclust/2)
+ 	tau.clust = tau * rexp(nclust)
+ 	gen.data = function() {
+ 		cluster.center = matrix(rnorm(nclust * p), nclust, p)
+ 		cluster = sample.int(nclust, n, replace = TRUE)
+ 		X = cluster.center[cluster,] + matrix(rnorm(n * p), n, p)
+ 		W = rbinom(n, 1, clust.ptreat[cluster])
+ 		Y = X %*% beta.main + rnorm(n, 0, 1) + tau.clust[cluster] * W
+ 		list(X=X, Y=Y, W=W, catt=mean(tau.clust[cluster[W==1]]))
+ 	}
+ 
+ } else if(prop.setup == 4) {
+ 
+ 	tau = 1
+ 	
+ 	# misspecified model
+ 	gen.data = function() {
+ 		X = matrix(rnorm(n * p), n, p)
+ 		# Normalized such that E[tauX | W = 1] = 1
+ 		tauX = log(1 + exp(-2 - 2 * X[,1])) / 0.915
+ 		ptreat = 1 - exp(-tauX)
+ 		W = rbinom(n, 1, prob = ptreat)
+ 		mean(tauX[W == 1])
+ 		Y = rnorm(n, 0, 1) + tauX * (2 * W - 1) / 2 + rowSums(X[,1:10])
+ 		list(X=X, Y=Y, W=W, catt=mean(tauX[W==1]))
+ 	}
+         
+ } else if(prop.setup == 6) {
+ 
+ 	tau = 0.5
+ 	rho = 0.5
+ 	
+ 	Sigma = outer(1:p, 1:p, FUN=function(x, y) rho^(abs(x-y)))
+ 	
+ 	beta.raw = 1/(1:p)^2
+ 	beta.main =  C  * beta.raw / sqrt(sum(beta.raw^2))
+ 	
+ 	if (extra.param == 1) {
+ 		beta.prop = 1/(1:p)^2
+ 	} else if (extra.param == 2) {
+ 	    beta.prop = 1/sqrt(1:p)
+ 	}
+ 	
+ 	beta.prop = eps * beta.prop / sqrt(sum(beta.prop^2))
+ 	
+ 	gen.data = function() {
+ 		X = rmvnorm(n, sigma = Sigma, method = "chol")
+ 		theta = X %*% beta.prop + rnorm(n)
+ 		W = rbinom(n, 1, 1/(1 + exp(theta)))
+ 		Y = X %*% beta.main + W * tau + rnorm(n)
+ 		list(X=X, Y=Y, W=W, catt=tau)
+ 	}
+         
+ }
> 
> 
> 
> if (experiment == 1) {
+ 	
+ 	# MSE vs. other methods
+ 	results = replicate(NREP, {
+ 		XYW = gen.data()
+ 		res = run.comparison(XYW)
+ 		print(c(CATT=XYW$catt, res))
+ 		return(c(CATT=XYW$catt, res))
+ 	})
+ 	
+ 	print(colMeans((t(results) - results["CATT",])/results["CATT",]))
+ 	print(colMeans(((t(results) - results["CATT",])/results["CATT",])^2))
+ 	
+ } else if (experiment == 2) {
+ 	
+ 	# coverage
+ 	results = replicate(NREP, {
+ 		XYW = gen.data()
+ 		res = coverage.test(XYW)
+ 		print(c(CATT=XYW$catt, res))
+ 		return(c(CATT=XYW$catt, res))
+ 	})
+ 	rownames(results) = c("CATT", "tau.hat", "se.hat")
+ 	se.err = (results[2,] - results[1,]) / results[3,]
+ 	coverage = mean(abs(se.err) <= qnorm(0.975))
+ }
     CATT                     
1.0585612 1.0266363 0.1246598 
     CATT                     
1.0203061 1.1264575 0.1166792 
    CATT                   
1.085324 1.217048 0.125286 
     CATT                     
1.0045835 1.1066739 0.1384374 
     CATT                     
1.0219926 1.1233026 0.1551476 
     CATT                     
1.1109360 1.0504950 0.1305459 
     CATT                     
0.9733696 0.6955008 0.1240965 
     CATT                     
1.0356268 1.0875258 0.1257853 
     CATT                     
0.9861519 1.0450886 0.1192352 
     CATT                     
1.0590093 1.0671746 0.1219324 
     CATT                     
1.0542020 0.9196858 0.1263023 
     CATT                     
1.0504922 1.1276322 0.1217586 
     CATT                     
1.0334001 0.9906621 0.1294074 
     CATT                     
1.0801328 1.2240261 0.1549883 
     CATT                     
1.0319900 1.1971776 0.1425865 
     CATT                     
0.9980327 1.0240427 0.1271102 
     CATT                     
1.0816502 1.0811204 0.1217702 
     CATT                     
1.1082864 1.2425048 0.1222033 
     CATT                     
1.0832596 1.1157354 0.1238675 
     CATT                     
1.0765959 1.1690312 0.1317318 
     CATT                     
1.0460569 1.1166571 0.1179871 
     CATT                     
1.0515936 0.9795371 0.1152714 
     CATT                     
1.0373141 0.9750276 0.1200908 
