
R version 3.4.4 (2018-03-15) -- "Someone to Lean On"
Copyright (C) 2018 The R Foundation for Statistical Computing
Platform: x86_64-apple-darwin17.3.0 (64-bit)

R is free software and comes with ABSOLUTELY NO WARRANTY.
You are welcome to redistribute it under certain conditions.
Type 'license()' or 'licence()' for distribution details.

  Natural language support but running in an English locale

R is a collaborative project with many contributors.
Type 'contributors()' for more information and
'citation()' on how to cite R or R packages in publications.

Type 'demo()' for some demos, 'help()' for on-line help, or
'help.start()' for an HTML browser interface to help.
Type 'q()' to quit R.

> rm(list = ls())
> 
> setwd("~/Projects/FTE/grant001_ghosh_nsf_theorypredanalytics/lib/balanceHD/experiments_for_paper/")
> library(balanceHD)
> library(mvtnorm)
> 
> # Read inputs to simulation
> 
> args = (commandArgs(TRUE))
> beta.setup = as.numeric(args[1])
> prop.setup = as.numeric(args[2])
> n = as.numeric(args[3])
> p = as.numeric(args[4])
> eps = as.numeric(args[5])
> C = as.numeric(args[6])
> extra.param = as.numeric(args[7])
> 
> NREP = as.numeric(args[8])
> 
> experiment = as.numeric(args[9])
> 
> tau = 1
> 
> source("run.comparison.R")
> 
> # Intialize beta
> 
> if(beta.setup == 0) {
+   beta.raw = rep(1, p)
+ } else if(beta.setup == 1){
+   beta.raw = 1/sqrt(1:p)
+ } else if(beta.setup == 2) {
+   beta.raw = 1/(9 + 1:p)
+ } else if(beta.setup == 3) {
+   beta.raw = c(rep(10, 10), rep(1, 90), rep(0, p - 100))
+ } else if(beta.setup == 4) {
+   beta.raw = c(rep(10, 10), rep(0, p - 10))
+ } else if(beta.setup == 5) {
+   beta.raw = 1/(1:p)^2
+ } else if(beta.setup == 6) {
+   beta.raw = 1/(1:p)
+ }
> 
> beta.main =  C  * beta.raw / sqrt(sum(beta.raw^2))
> 
> # Initialize data-generating model
> if(prop.setup == 1) {
+ 	
+ 	# simple setup
+ 	if (extra.param == 1) {
+ 		delta.clust = 4 / sqrt(n) * rep(1, p)
+ 	} else if (extra.param == 2) {
+ 		delta.clust = 40 / sqrt(n) * rep(c(1, rep(0, 9)), p/10)
+ 	}
+ 	gen.data = function() {
+ 		CLUST = rbinom(n, 1, 0.5)
+ 		W = rbinom(n, 1, eps + (1 - 2*eps) * CLUST)
+ 		X = matrix(rnorm(n * p), n, p) + outer(CLUST, delta.clust)
+ 		Y = X %*% beta.main + rnorm(n) + tau * W
+ 		list(X=X, Y=Y, W=W, catt=tau)
+ 	}
+ 
+ } else if(prop.setup == 2) {
+ 
+ 	# AR-1 model
+ 	rho = c(0.5, 0.9)[extra.param]
+ 	beta.main = beta.main[1 + (23 * (0:(length(beta.main) - 1))) %% length(beta.main)]
+ 	beta.prop = c(rep(1/40, 100), rep(0, p - 100))
+ 	gen.data = function() {
+ 		X = 10 * rmvnorm(n, sigma = outer(1:p, 1:p, FUN=function(x, y) rho^(abs(x-y))), method = "chol")
+ 		W = rbinom(n, 1, prob = 1/(1 + exp(-beta.prop * X)))
+ 		Y = X %*% beta.main + rnorm(n, 0, 1) + tau * W
+ 		list(X=X, Y=Y, W=W, catt=tau)
+ 	}
+ 
+ } else if(prop.setup == 3) {
+ 
+ 	# many cluster model
+ 	nclust = c(6, 20)[extra.param]
+ 	beta.main = sqrt(nclust) * beta.main
+ 	clust.ptreat = rep(c(eps, 1 - eps), nclust/2)
+ 	tau.clust = tau * rexp(nclust)
+ 	gen.data = function() {
+ 		cluster.center = matrix(rnorm(nclust * p), nclust, p)
+ 		cluster = sample.int(nclust, n, replace = TRUE)
+ 		X = cluster.center[cluster,] + matrix(rnorm(n * p), n, p)
+ 		W = rbinom(n, 1, clust.ptreat[cluster])
+ 		Y = X %*% beta.main + rnorm(n, 0, 1) + tau.clust[cluster] * W
+ 		list(X=X, Y=Y, W=W, catt=mean(tau.clust[cluster[W==1]]))
+ 	}
+ 
+ } else if(prop.setup == 4) {
+ 
+ 	tau = 1
+ 	
+ 	# misspecified model
+ 	gen.data = function() {
+ 		X = matrix(rnorm(n * p), n, p)
+ 		# Normalized such that E[tauX | W = 1] = 1
+ 		tauX = log(1 + exp(-2 - 2 * X[,1])) / 0.915
+ 		ptreat = 1 - exp(-tauX)
+ 		W = rbinom(n, 1, prob = ptreat)
+ 		mean(tauX[W == 1])
+ 		Y = rnorm(n, 0, 1) + tauX * (2 * W - 1) / 2 + rowSums(X[,1:10])
+ 		list(X=X, Y=Y, W=W, catt=mean(tauX[W==1]))
+ 	}
+         
+ } else if(prop.setup == 6) {
+ 
+ 	tau = 0.5
+ 	rho = 0.5
+ 	
+ 	Sigma = outer(1:p, 1:p, FUN=function(x, y) rho^(abs(x-y)))
+ 	
+ 	beta.raw = 1/(1:p)^2
+ 	beta.main =  C  * beta.raw / sqrt(sum(beta.raw^2))
+ 	
+ 	if (extra.param == 1) {
+ 		beta.prop = 1/(1:p)^2
+ 	} else if (extra.param == 2) {
+ 	    beta.prop = 1/sqrt(1:p)
+ 	}
+ 	
+ 	beta.prop = eps * beta.prop / sqrt(sum(beta.prop^2))
+ 	
+ 	gen.data = function() {
+ 		X = rmvnorm(n, sigma = Sigma, method = "chol")
+ 		theta = X %*% beta.prop + rnorm(n)
+ 		W = rbinom(n, 1, 1/(1 + exp(theta)))
+ 		Y = X %*% beta.main + W * tau + rnorm(n)
+ 		list(X=X, Y=Y, W=W, catt=tau)
+ 	}
+         
+ }
> 
> 
> 
> if (experiment == 1) {
+ 	
+ 	# MSE vs. other methods
+ 	results = replicate(NREP, {
+ 		XYW = gen.data()
+ 		res = run.comparison(XYW)
+ 		print(c(CATT=XYW$catt, res))
+ 		return(c(CATT=XYW$catt, res))
+ 	})
+ 	
+ 	print(colMeans((t(results) - results["CATT",])/results["CATT",]))
+ 	print(colMeans(((t(results) - results["CATT",])/results["CATT",])^2))
+ 	
+ } else if (experiment == 2) {
+ 	
+ 	# coverage
+ 	results = replicate(NREP, {
+ 		XYW = gen.data()
+ 		res = coverage.test(XYW)
+ 		print(c(CATT=XYW$catt, res))
+ 		return(c(CATT=XYW$catt, res))
+ 	})
+ 	rownames(results) = c("CATT", "tau.hat", "se.hat")
+ 	se.err = (results[2,] - results[1,]) / results[3,]
+ 	coverage = mean(abs(se.err) <= qnorm(0.975))
+ }
     CATT                     
0.8026862 0.6794277 0.1373274 
     CATT                     
0.8062909 0.8809843 0.1364441 
     CATT                     
0.8507933 1.2285964 0.1811230 
     CATT                     
0.8573721 0.8923246 0.1801665 
     CATT                     
0.8006749 0.3718749 0.1764662 
     CATT                     
1.0039211 0.9814639 0.1279297 
     CATT                     
0.8666359 0.6304165 0.1825053 
     CATT                     
0.8798341 0.8227207 0.1732006 
     CATT                     
0.8355581 0.6833116 0.1577917 
     CATT                     
0.8083121 0.9581135 0.1540732 
     CATT                     
0.9434367 1.0312656 0.1465664 
     CATT                     
0.9838246 0.8838876 0.1506890 
     CATT                     
0.8913628 0.6632505 0.1524151 
     CATT                     
0.8581906 0.8856986 0.1393411 
     CATT                     
0.8823561 0.9638894 0.1506111 
     CATT                     
0.9307398 1.1110239 0.1564735 
     CATT                     
0.8950809 1.2854585 0.1698749 
     CATT                     
0.9208745 0.9989880 0.1580760 
     CATT                     
0.9534862 0.8724706 0.1376180 
     CATT                     
0.8707733 0.9459934 0.1515307 
     CATT                     
0.8892675 0.9489439 0.1680379 
     CATT                     
0.9045600 0.9748635 0.1488545 
     CATT                     
1.0202201 0.8280757 0.1521738 
     CATT                     
0.8012920 0.6088790 0.2153379 
     CATT                     
0.8095779 1.0085001 0.1388753 
     CATT                     
0.9286136 1.0957802 0.1338394 
     CATT                     
0.8655550 0.9419646 0.1571762 
     CATT                     
0.8597947 0.9316040 0.1383773 
     CATT                     
0.8496581 0.9074105 0.1676998 
     CATT                     
0.9045585 1.1545994 0.1619510 
     CATT                     
0.9412457 0.9867685 0.1735056 
     CATT                     
0.8810513 0.5726813 0.1712074 
     CATT                     
0.8473405 0.8970463 0.2055245 
