
R version 3.4.4 (2018-03-15) -- "Someone to Lean On"
Copyright (C) 2018 The R Foundation for Statistical Computing
Platform: x86_64-apple-darwin17.3.0 (64-bit)

R is free software and comes with ABSOLUTELY NO WARRANTY.
You are welcome to redistribute it under certain conditions.
Type 'license()' or 'licence()' for distribution details.

  Natural language support but running in an English locale

R is a collaborative project with many contributors.
Type 'contributors()' for more information and
'citation()' on how to cite R or R packages in publications.

Type 'demo()' for some demos, 'help()' for on-line help, or
'help.start()' for an HTML browser interface to help.
Type 'q()' to quit R.

> rm(list = ls())
> 
> setwd("~/Projects/FTE/grant001_ghosh_nsf_theorypredanalytics/lib/balanceHD/experiments_for_paper/")
> library(balanceHD)
> library(mvtnorm)
> 
> # Read inputs to simulation
> 
> args = (commandArgs(TRUE))
> beta.setup = as.numeric(args[1])
> prop.setup = as.numeric(args[2])
> n = as.numeric(args[3])
> p = as.numeric(args[4])
> eps = as.numeric(args[5])
> C = as.numeric(args[6])
> extra.param = as.numeric(args[7])
> 
> NREP = as.numeric(args[8])
> 
> experiment = as.numeric(args[9])
> 
> tau = 1
> 
> source("run.comparison.R")
> 
> # Intialize beta
> 
> if(beta.setup == 0) {
+   beta.raw = rep(1, p)
+ } else if(beta.setup == 1){
+   beta.raw = 1/sqrt(1:p)
+ } else if(beta.setup == 2) {
+   beta.raw = 1/(9 + 1:p)
+ } else if(beta.setup == 3) {
+   beta.raw = c(rep(10, 10), rep(1, 90), rep(0, p - 100))
+ } else if(beta.setup == 4) {
+   beta.raw = c(rep(10, 10), rep(0, p - 10))
+ } else if(beta.setup == 5) {
+   beta.raw = 1/(1:p)^2
+ } else if(beta.setup == 6) {
+   beta.raw = 1/(1:p)
+ }
> 
> beta.main =  C  * beta.raw / sqrt(sum(beta.raw^2))
> 
> # Initialize data-generating model
> if(prop.setup == 1) {
+ 	
+ 	# simple setup
+ 	if (extra.param == 1) {
+ 		delta.clust = 4 / sqrt(n) * rep(1, p)
+ 	} else if (extra.param == 2) {
+ 		delta.clust = 40 / sqrt(n) * rep(c(1, rep(0, 9)), p/10)
+ 	}
+ 	gen.data = function() {
+ 		CLUST = rbinom(n, 1, 0.5)
+ 		W = rbinom(n, 1, eps + (1 - 2*eps) * CLUST)
+ 		X = matrix(rnorm(n * p), n, p) + outer(CLUST, delta.clust)
+ 		Y = X %*% beta.main + rnorm(n) + tau * W
+ 		list(X=X, Y=Y, W=W, catt=tau)
+ 	}
+ 
+ } else if(prop.setup == 2) {
+ 
+ 	# AR-1 model
+ 	rho = c(0.5, 0.9)[extra.param]
+ 	beta.main = beta.main[1 + (23 * (0:(length(beta.main) - 1))) %% length(beta.main)]
+ 	beta.prop = c(rep(1/40, 100), rep(0, p - 100))
+ 	gen.data = function() {
+ 		X = 10 * rmvnorm(n, sigma = outer(1:p, 1:p, FUN=function(x, y) rho^(abs(x-y))), method = "chol")
+ 		W = rbinom(n, 1, prob = 1/(1 + exp(-beta.prop * X)))
+ 		Y = X %*% beta.main + rnorm(n, 0, 1) + tau * W
+ 		list(X=X, Y=Y, W=W, catt=tau)
+ 	}
+ 
+ } else if(prop.setup == 3) {
+ 
+ 	# many cluster model
+ 	nclust = c(6, 20)[extra.param]
+ 	beta.main = sqrt(nclust) * beta.main
+ 	clust.ptreat = rep(c(eps, 1 - eps), nclust/2)
+ 	tau.clust = tau * rexp(nclust)
+ 	gen.data = function() {
+ 		cluster.center = matrix(rnorm(nclust * p), nclust, p)
+ 		cluster = sample.int(nclust, n, replace = TRUE)
+ 		X = cluster.center[cluster,] + matrix(rnorm(n * p), n, p)
+ 		W = rbinom(n, 1, clust.ptreat[cluster])
+ 		Y = X %*% beta.main + rnorm(n, 0, 1) + tau.clust[cluster] * W
+ 		list(X=X, Y=Y, W=W, catt=mean(tau.clust[cluster[W==1]]))
+ 	}
+ 
+ } else if(prop.setup == 4) {
+ 
+ 	tau = 1
+ 	
+ 	# misspecified model
+ 	gen.data = function() {
+ 		X = matrix(rnorm(n * p), n, p)
+ 		# Normalized such that E[tauX | W = 1] = 1
+ 		tauX = log(1 + exp(-2 - 2 * X[,1])) / 0.915
+ 		ptreat = 1 - exp(-tauX)
+ 		W = rbinom(n, 1, prob = ptreat)
+ 		mean(tauX[W == 1])
+ 		Y = rnorm(n, 0, 1) + tauX * (2 * W - 1) / 2 + rowSums(X[,1:10])
+ 		list(X=X, Y=Y, W=W, catt=mean(tauX[W==1]))
+ 	}
+         
+ } else if(prop.setup == 6) {
+ 
+ 	tau = 0.5
+ 	rho = 0.5
+ 	
+ 	Sigma = outer(1:p, 1:p, FUN=function(x, y) rho^(abs(x-y)))
+ 	
+ 	beta.raw = 1/(1:p)^2
+ 	beta.main =  C  * beta.raw / sqrt(sum(beta.raw^2))
+ 	
+ 	if (extra.param == 1) {
+ 		beta.prop = 1/(1:p)^2
+ 	} else if (extra.param == 2) {
+ 	    beta.prop = 1/sqrt(1:p)
+ 	}
+ 	
+ 	beta.prop = eps * beta.prop / sqrt(sum(beta.prop^2))
+ 	
+ 	gen.data = function() {
+ 		X = rmvnorm(n, sigma = Sigma, method = "chol")
+ 		theta = X %*% beta.prop + rnorm(n)
+ 		W = rbinom(n, 1, 1/(1 + exp(theta)))
+ 		Y = X %*% beta.main + W * tau + rnorm(n)
+ 		list(X=X, Y=Y, W=W, catt=tau)
+ 	}
+         
+ }
> 
> 
> 
> if (experiment == 1) {
+ 	
+ 	# MSE vs. other methods
+ 	results = replicate(NREP, {
+ 		XYW = gen.data()
+ 		res = run.comparison(XYW)
+ 		print(c(CATT=XYW$catt, res))
+ 		return(c(CATT=XYW$catt, res))
+ 	})
+ 	
+ 	print(colMeans((t(results) - results["CATT",])/results["CATT",]))
+ 	print(colMeans(((t(results) - results["CATT",])/results["CATT",])^2))
+ 	
+ } else if (experiment == 2) {
+ 	
+ 	# coverage
+ 	results = replicate(NREP, {
+ 		XYW = gen.data()
+ 		res = coverage.test(XYW)
+ 		print(c(CATT=XYW$catt, res))
+ 		return(c(CATT=XYW$catt, res))
+ 	})
+ 	rownames(results) = c("CATT", "tau.hat", "se.hat")
+ 	se.err = (results[2,] - results[1,]) / results[3,]
+ 	coverage = mean(abs(se.err) <= qnorm(0.975))
+ }
     CATT                     
1.0666874 1.1502649 0.1886156 
     CATT                     
0.9705551 0.8742830 0.1802437 
     CATT                     
1.0796864 1.0439750 0.1831795 
     CATT                     
0.9734631 1.0179510 0.1649797 
     CATT                     
1.1296956 1.1152141 0.1754312 
     CATT                     
0.9278753 0.7577955 0.1740389 
     CATT                     
1.0220937 0.8309915 0.1802232 
     CATT                     
1.0889630 1.2261321 0.1592575 
     CATT                     
1.0397240 1.0039173 0.1857373 
     CATT                     
1.0450471 1.0424080 0.1617511 
     CATT                     
1.0994894 0.9646967 0.1632356 
     CATT                     
1.1065480 1.3897000 0.1959469 
     CATT                     
1.0320012 1.0523407 0.1956554 
     CATT                     
1.0676358 1.2261966 0.1729538 
     CATT                     
1.0577505 0.7674030 0.1718008 
     CATT                     
1.1213571 1.0720691 0.1576415 
     CATT                     
0.9874334 0.8942029 0.1954703 
     CATT                     
1.0406873 1.1424846 0.1727934 
     CATT                     
1.0136006 1.2337028 0.1730949 
     CATT                     
0.8909812 0.7167904 0.1830384 
     CATT                     
1.1285430 0.9182177 0.1603409 
     CATT                     
0.9692286 0.8097947 0.1870201 
     CATT                     
1.0412946 1.1868612 0.1911602 
